<?xml version="1.0" encoding="UTF-8"?>
<!-- Generated by org.testng.reporters.JUnitReportReporter -->
<testsuite hostname="DESKTOP-R440SJA" failures="0" tests="1" name="MavenProject.tests.ErrorValidations" time="4.658" errors="0" timestamp="2025-01-18T22:39:41 IST" skipped="0">
  <testcase classname="MavenProject.tests.ErrorValidations" name="submitOrder" time="4.658"/>
</testsuite> <!-- MavenProject.tests.ErrorValidations -->
