<?xml version="1.0" encoding="UTF-8"?>
<!-- Generated by org.testng.reporters.JUnitReportReporter -->
<testsuite hostname="DESKTOP-R440SJA" failures="0" tests="2" name="MavenProject.tests.SubmitOrderPOMTest" time="16.284" errors="0" timestamp="2025-01-19T00:56:37 IST" skipped="0">
  <testcase classname="MavenProject.tests.SubmitOrderPOMTest" name="OrderHistoryTest" time="5.878"/>
  <testcase classname="MavenProject.tests.SubmitOrderPOMTest" name="submitOrder" time="10.406"/>
</testsuite> <!-- MavenProject.tests.SubmitOrderPOMTest -->
