<?xml version="1.0" encoding="UTF-8"?>
<!-- Generated by org.testng.reporters.JUnitReportReporter -->
<testsuite hostname="DESKTOP-R440SJA" failures="0" tests="2" name="MavenProject.tests.ErrorValidationsTest" time="9.838" errors="0" timestamp="2025-01-19T00:12:46 IST" skipped="0">
  <testcase classname="MavenProject.tests.ErrorValidationsTest" name="LoginErrorValidation" time="3.021"/>
  <testcase classname="MavenProject.tests.ErrorValidationsTest" name="ProductErrorValidation" time="6.817"/>
</testsuite> <!-- MavenProject.tests.ErrorValidationsTest -->
