<?xml version="1.0" encoding="UTF-8"?>
<!-- Generated by org.testng.reporters.JUnitReportReporter -->
<testsuite hostname="DESKTOP-R440SJA" failures="0" tests="1" name="MavenProject.tests.StandAloneSubmitPOM" time="8.962" errors="0" timestamp="2025-01-18T22:22:21 IST" skipped="0">
  <testcase classname="MavenProject.tests.StandAloneSubmitPOM" name="submitOrder" time="8.962"/>
</testsuite> <!-- MavenProject.tests.StandAloneSubmitPOM -->
